31/08/20 19:41:34:846 - TLibBALConfig.AplicarConfiguracoes: D:\Desktop\Balança\JavaBalanca\ACBrLib.ini
31/08/20 19:41:34:846 - Travar
31/08/20 19:41:34:847 - TLibBALConfig.AplicarConfiguracoes - Feito
31/08/20 19:41:34:848 - Destravar
31/08/20 19:41:34:848 - TLibBALConfig.Ler - Feito
31/08/20 19:41:34:849 - Destravar
31/08/20 19:41:34:849 - TACBrLibBAL.Inicializar - Feito
31/08/20 19:41:34:850 - LIB_Inicializar( D:\Desktop\Balança\JavaBalanca\ACBrLib.ini,  )
31/08/20 19:41:34:850 -    ACBrLibBAL - 0.1.0.324
31/08/20 19:41:34:958 - TLibBALConfig.PrecisaCriptografar(Principal,LogNivel)
31/08/20 19:41:34:959 - TLibBALConfig.PrecisaCriptografar - Feito Result: False
31/08/20 19:41:34:960 - LIB_ConfigGravarValor(Principal, LogNivel, logParanoico)
31/08/20 19:41:34:962 - TLibBALConfig.PrecisaCriptografar(Principal,LogNivel)
31/08/20 19:41:34:962 - TLibBALConfig.PrecisaCriptografar - Feito Result: False
31/08/20 19:41:34:963 - TLibBALConfig.AjustarValor(tfGravar,Principal,LogNivel,logParanoico)
31/08/20 19:41:34:964 - TLibBALConfig.AjustarValor - Feito
31/08/20 19:41:34:965 - TLibBALConfig.AplicarConfiguracoes: D:\Desktop\Balança\JavaBalanca\ACBrLib.ini
31/08/20 19:41:34:966 - Travar
31/08/20 19:41:34:968 - TLibBALConfig.AplicarConfiguracoes - Feito
31/08/20 19:41:34:970 - Destravar
31/08/20 19:41:34:972 -    SetRetorno(0, )
31/08/20 19:41:34:974 - TLibBALConfig.PrecisaCriptografar(Principal,LogPath)
31/08/20 19:41:34:974 - TLibBALConfig.PrecisaCriptografar - Feito Result: False
31/08/20 19:41:34:975 - LIB_ConfigGravarValor(Principal, LogPath, D:\Desktop\Balança\JavaBalanca\Logs)
31/08/20 19:41:34:976 - TLibBALConfig.PrecisaCriptografar(Principal,LogPath)
31/08/20 19:41:34:978 - TLibBALConfig.PrecisaCriptografar - Feito Result: False
31/08/20 19:41:34:979 - TLibBALConfig.AjustarValor(tfGravar,Principal,LogPath,D:\Desktop\Balança\JavaBalanca\Logs)
31/08/20 19:41:34:981 - TLibBALConfig.AjustarValor - Feito
31/08/20 19:41:34:982 - TLibBALConfig.AplicarConfiguracoes: D:\Desktop\Balança\JavaBalanca\ACBrLib.ini
31/08/20 19:41:34:983 - Travar
31/08/20 19:41:34:984 - TLibBALConfig.AplicarConfiguracoes - Feito
31/08/20 19:41:34:986 - Destravar
31/08/20 19:41:34:987 -    SetRetorno(0, )
31/08/20 19:41:34:990 - LIB_ConfigGravar()
31/08/20 19:41:34:991 - Travar
31/08/20 19:41:34:992 - TLibBALConfig.Gravar: D:\Desktop\Balança\JavaBalanca\ACBrLib.ini
31/08/20 19:41:34:993 - TLibBALConfig.Gravar - Feito
31/08/20 19:41:34:994 - Destravar
31/08/20 19:41:34:997 -    SetRetorno(0, )
31/08/20 19:41:34:999 - LIB_ConfigLer()
31/08/20 19:41:35:001 - Travar
31/08/20 19:41:35:003 - TLibBALConfig.Ler: D:\Desktop\Balança\JavaBalanca\ACBrLib.ini
31/08/20 19:41:35:009 - TLibBALConfig.AplicarConfiguracoes: D:\Desktop\Balança\JavaBalanca\ACBrLib.ini
31/08/20 19:41:35:010 - Travar
31/08/20 19:41:35:011 - TLibBALConfig.AplicarConfiguracoes - Feito
31/08/20 19:41:35:013 - Destravar
31/08/20 19:41:35:015 - TLibBALConfig.Ler - Feito
31/08/20 19:41:35:017 - Destravar
31/08/20 19:41:35:018 -    SetRetorno(0, )
31/08/20 19:41:35:029 - LIB_ConfigLerValor(BAL, Porta)
31/08/20 19:41:35:034 - TLibBALConfig.PrecisaCriptografar(BAL,Porta)
31/08/20 19:41:35:037 - TLibBALConfig.PrecisaCriptografar - Feito Result: False
31/08/20 19:41:35:038 - TLibBALConfig.AjustarValor(tfLer,BAL,Porta,COM1)
31/08/20 19:41:35:039 - TLibBALConfig.AjustarValor - Feito
31/08/20 19:41:35:041 - TLibBALConfig.PrecisaCriptografar(BAL,Porta)
31/08/20 19:41:35:042 - TLibBALConfig.PrecisaCriptografar - Feito Result: False
31/08/20 19:41:35:044 -    Valor:COM1, len:4
31/08/20 19:41:35:048 -    SetRetorno(0, COM1)
31/08/20 19:41:35:052 - LIB_ConfigLerValor(BAL, Modelo)
31/08/20 19:41:35:053 - TLibBALConfig.PrecisaCriptografar(BAL,Modelo)
31/08/20 19:41:35:053 - TLibBALConfig.PrecisaCriptografar - Feito Result: False
31/08/20 19:41:35:054 - TLibBALConfig.AjustarValor(tfLer,BAL,Modelo,1)
31/08/20 19:41:35:054 - TLibBALConfig.AjustarValor - Feito
31/08/20 19:41:35:055 - TLibBALConfig.PrecisaCriptografar(BAL,Modelo)
31/08/20 19:41:35:056 - TLibBALConfig.PrecisaCriptografar - Feito Result: False
31/08/20 19:41:35:056 -    Valor:1, len:1
31/08/20 19:41:35:057 -    SetRetorno(0, 1)
31/08/20 19:41:35:061 - LIB_ConfigLerValor(BAL, Intervalo)
31/08/20 19:41:35:063 - TLibBALConfig.PrecisaCriptografar(BAL,Intervalo)
31/08/20 19:41:35:066 - TLibBALConfig.PrecisaCriptografar - Feito Result: False
31/08/20 19:41:35:068 - TLibBALConfig.AjustarValor(tfLer,BAL,Intervalo,2000)
31/08/20 19:41:35:075 - TLibBALConfig.AjustarValor - Feito
31/08/20 19:41:35:076 - TLibBALConfig.PrecisaCriptografar(BAL,Intervalo)
31/08/20 19:41:35:077 - TLibBALConfig.PrecisaCriptografar - Feito Result: False
31/08/20 19:41:35:078 -    Valor:2000, len:4
31/08/20 19:41:35:079 -    SetRetorno(0, 2000)
31/08/20 19:41:35:083 - LIB_ConfigLerValor(BAL_Device, Baud)
31/08/20 19:41:35:085 - TLibBALConfig.PrecisaCriptografar(BAL_Device,Baud)
31/08/20 19:41:35:086 - TLibBALConfig.PrecisaCriptografar - Feito Result: False
31/08/20 19:41:35:088 - TLibBALConfig.AjustarValor(tfLer,BAL_Device,Baud,2400)
31/08/20 19:41:35:089 - TLibBALConfig.AjustarValor - Feito
31/08/20 19:41:35:090 - TLibBALConfig.PrecisaCriptografar(BAL_Device,Baud)
31/08/20 19:41:35:091 - TLibBALConfig.PrecisaCriptografar - Feito Result: False
31/08/20 19:41:35:092 -    Valor:2400, len:4
31/08/20 19:41:35:093 -    SetRetorno(0, 2400)
31/08/20 19:41:35:096 - LIB_ConfigLerValor(BAL_Device, Data)
31/08/20 19:41:35:098 - TLibBALConfig.PrecisaCriptografar(BAL_Device,Data)
31/08/20 19:41:35:099 - TLibBALConfig.PrecisaCriptografar - Feito Result: False
31/08/20 19:41:35:101 - TLibBALConfig.AjustarValor(tfLer,BAL_Device,Data,8)
31/08/20 19:41:35:102 - TLibBALConfig.AjustarValor - Feito
31/08/20 19:41:35:104 - TLibBALConfig.PrecisaCriptografar(BAL_Device,Data)
31/08/20 19:41:35:107 - TLibBALConfig.PrecisaCriptografar - Feito Result: False
31/08/20 19:41:35:108 -    Valor:8, len:1
31/08/20 19:41:35:109 -    SetRetorno(0, 8)
31/08/20 19:41:35:112 - LIB_ConfigLerValor(BAL_Device, Parity)
31/08/20 19:41:35:113 - TLibBALConfig.PrecisaCriptografar(BAL_Device,Parity)
31/08/20 19:41:35:115 - TLibBALConfig.PrecisaCriptografar - Feito Result: False
31/08/20 19:41:35:117 - TLibBALConfig.AjustarValor(tfLer,BAL_Device,Parity,0)
31/08/20 19:41:35:118 - TLibBALConfig.AjustarValor - Feito
31/08/20 19:41:35:120 - TLibBALConfig.PrecisaCriptografar(BAL_Device,Parity)
31/08/20 19:41:35:121 - TLibBALConfig.PrecisaCriptografar - Feito Result: False
31/08/20 19:41:35:122 -    Valor:0, len:1
31/08/20 19:41:35:123 -    SetRetorno(0, 0)
31/08/20 19:41:35:124 - LIB_ConfigLerValor(BAL_Device, Stop)
31/08/20 19:41:35:127 - TLibBALConfig.PrecisaCriptografar(BAL_Device,Stop)
31/08/20 19:41:35:128 - TLibBALConfig.PrecisaCriptografar - Feito Result: False
31/08/20 19:41:35:128 - TLibBALConfig.AjustarValor(tfLer,BAL_Device,Stop,2)
31/08/20 19:41:35:129 - TLibBALConfig.AjustarValor - Feito
31/08/20 19:41:35:129 - TLibBALConfig.PrecisaCriptografar(BAL_Device,Stop)
31/08/20 19:41:35:130 - TLibBALConfig.PrecisaCriptografar - Feito Result: False
31/08/20 19:41:35:131 -    Valor:2, len:1
31/08/20 19:41:35:131 -    SetRetorno(0, 2)
31/08/20 19:41:35:133 - LIB_ConfigLerValor(BAL_Device, MaxBandwidth)
31/08/20 19:41:35:133 - TLibBALConfig.PrecisaCriptografar(BAL_Device,MaxBandwidth)
31/08/20 19:41:35:135 - TLibBALConfig.PrecisaCriptografar - Feito Result: False
31/08/20 19:41:35:135 - TLibBALConfig.AjustarValor(tfLer,BAL_Device,MaxBandwidth,0)
31/08/20 19:41:35:136 - TLibBALConfig.AjustarValor - Feito
31/08/20 19:41:35:136 - TLibBALConfig.PrecisaCriptografar(BAL_Device,MaxBandwidth)
31/08/20 19:41:35:137 - TLibBALConfig.PrecisaCriptografar - Feito Result: False
31/08/20 19:41:35:138 -    Valor:0, len:1
31/08/20 19:41:35:138 -    SetRetorno(0, 0)
31/08/20 19:41:35:139 - LIB_ConfigLerValor(BAL_Device, SendBytesCount)
31/08/20 19:41:35:140 - TLibBALConfig.PrecisaCriptografar(BAL_Device,SendBytesCount)
31/08/20 19:41:35:141 - TLibBALConfig.PrecisaCriptografar - Feito Result: False
31/08/20 19:41:35:142 - TLibBALConfig.AjustarValor(tfLer,BAL_Device,SendBytesCount,0)
31/08/20 19:41:35:144 - TLibBALConfig.AjustarValor - Feito
31/08/20 19:41:35:145 - TLibBALConfig.PrecisaCriptografar(BAL_Device,SendBytesCount)
31/08/20 19:41:35:146 - TLibBALConfig.PrecisaCriptografar - Feito Result: False
31/08/20 19:41:35:147 -    Valor:0, len:1
31/08/20 19:41:35:149 -    SetRetorno(0, 0)
31/08/20 19:41:35:151 - LIB_ConfigLerValor(BAL_Device, SendBytesInterval)
31/08/20 19:41:35:153 - TLibBALConfig.PrecisaCriptografar(BAL_Device,SendBytesInterval)
31/08/20 19:41:35:154 - TLibBALConfig.PrecisaCriptografar - Feito Result: False
31/08/20 19:41:35:155 - TLibBALConfig.AjustarValor(tfLer,BAL_Device,SendBytesInterval,0)
31/08/20 19:41:35:156 - TLibBALConfig.AjustarValor - Feito
31/08/20 19:41:35:156 - TLibBALConfig.PrecisaCriptografar(BAL_Device,SendBytesInterval)
31/08/20 19:41:35:157 - TLibBALConfig.PrecisaCriptografar - Feito Result: False
31/08/20 19:41:35:158 -    Valor:0, len:1
31/08/20 19:41:35:159 -    SetRetorno(0, 0)
31/08/20 19:41:35:160 - LIB_ConfigLerValor(BAL_Device, HandShake)
31/08/20 19:41:35:162 - TLibBALConfig.PrecisaCriptografar(BAL_Device,HandShake)
31/08/20 19:41:35:163 - TLibBALConfig.PrecisaCriptografar - Feito Result: False
31/08/20 19:41:35:164 - TLibBALConfig.AjustarValor(tfLer,BAL_Device,HandShake,0)
31/08/20 19:41:35:166 - TLibBALConfig.AjustarValor - Feito
31/08/20 19:41:35:168 - TLibBALConfig.PrecisaCriptografar(BAL_Device,HandShake)
31/08/20 19:41:35:173 - TLibBALConfig.PrecisaCriptografar - Feito Result: False
31/08/20 19:41:35:174 -    Valor:0, len:1
31/08/20 19:41:35:177 -    SetRetorno(0, 0)
31/08/20 19:41:35:179 - LIB_ConfigLerValor(BAL_Device, SoftFlow)
31/08/20 19:41:35:181 - TLibBALConfig.PrecisaCriptografar(BAL_Device,SoftFlow)
31/08/20 19:41:35:182 - TLibBALConfig.PrecisaCriptografar - Feito Result: False
31/08/20 19:41:35:183 - TLibBALConfig.AjustarValor(tfLer,BAL_Device,SoftFlow,0)
31/08/20 19:41:35:184 - TLibBALConfig.AjustarValor - Feito
31/08/20 19:41:35:185 - TLibBALConfig.PrecisaCriptografar(BAL_Device,SoftFlow)
31/08/20 19:41:35:186 - TLibBALConfig.PrecisaCriptografar - Feito Result: False
31/08/20 19:41:35:188 -    Valor:0, len:1
31/08/20 19:41:35:190 -    SetRetorno(0, 0)
31/08/20 19:41:35:191 - LIB_ConfigLerValor(BAL_Device, HardFlow)
31/08/20 19:41:35:191 - TLibBALConfig.PrecisaCriptografar(BAL_Device,HardFlow)
31/08/20 19:41:35:192 - TLibBALConfig.PrecisaCriptografar - Feito Result: False
31/08/20 19:41:35:193 - TLibBALConfig.AjustarValor(tfLer,BAL_Device,HardFlow,0)
31/08/20 19:41:35:193 - TLibBALConfig.AjustarValor - Feito
31/08/20 19:41:35:194 - TLibBALConfig.PrecisaCriptografar(BAL_Device,HardFlow)
31/08/20 19:41:35:195 - TLibBALConfig.PrecisaCriptografar - Feito Result: False
31/08/20 19:41:35:195 -    Valor:0, len:1
31/08/20 19:41:35:196 -    SetRetorno(0, 0)
31/08/20 19:41:44:192 - BAL_Ativar
31/08/20 19:41:44:193 - Travar
31/08/20 19:41:44:194 -    SetRetorno(0, )
31/08/20 19:41:44:194 - Destravar
31/08/20 19:41:45:424 - BAL_SolicitarPeso
31/08/20 19:41:45:425 - Travar
31/08/20 19:41:45:426 -    SetRetorno(0, )
31/08/20 19:41:45:427 - Destravar
31/08/20 19:41:47:656 - BAL_LePeso( 2000 )
31/08/20 19:41:47:657 - Travar
31/08/20 19:41:49:659 -    SetRetorno(0, )
31/08/20 19:41:49:659 - Destravar
31/08/20 19:41:51:238 - BAL_SolicitarPeso
31/08/20 19:41:51:239 - Travar
31/08/20 19:41:51:240 -    SetRetorno(0, )
31/08/20 19:41:51:240 - Destravar
31/08/20 19:41:54:071 - BAL_LePeso( 2000 )
31/08/20 19:41:54:072 - Travar
31/08/20 19:41:56:075 -    SetRetorno(0, )
31/08/20 19:41:56:076 - Destravar
